2026-05-07 11:11:32,133 [INFO] DB connected
2026-05-07 11:11:32,138 [INFO] Init counters: kap_error=2856, kap_live=1271
2026-05-07 11:11:32,148 [INFO] Service started
2026-05-07 11:11:32,156 [INFO] Connected to MQTT: 0
2026-05-07 11:11:33,152 [INFO] Live written: id=1272, status=0
2026-05-07 11:12:28,169 [INFO] Flushed 1 events (last_id=2857)
2026-05-07 11:12:33,173 [INFO] Live written: id=1273, status=0
2026-05-07 11:12:47,178 [INFO] Flushed 1 events (last_id=2858)
2026-05-07 11:12:57,183 [INFO] Flushed 1 events (last_id=2859)
2026-05-07 11:13:09,188 [INFO] Flushed 1 events (last_id=2860)
2026-05-07 11:13:33,201 [INFO] Live written: id=1274, status=0
2026-05-07 11:14:05,211 [INFO] Flushed 1 events (last_id=2861)
2026-05-07 11:14:30,218 [INFO] Flushed 1 events (last_id=2862)
2026-05-07 11:14:33,222 [INFO] Live written: id=1275, status=0
2026-05-07 11:14:50,229 [INFO] Flushed 1 events (last_id=2863)
2026-05-07 11:14:58,235 [INFO] Flushed 1 events (last_id=2864)
2026-05-07 11:15:27,243 [INFO] Flushed 1 events (last_id=2865)
2026-05-07 11:15:33,247 [INFO] Live written: id=1276, status=0
2026-05-07 11:15:50,253 [INFO] Flushed 1 events (last_id=2866)
2026-05-07 11:16:08,258 [INFO] Flushed 1 events (last_id=2867)
2026-05-07 11:16:16,262 [INFO] Flushed 1 events (last_id=2868)
2026-05-07 11:16:33,268 [INFO] Live written: id=1277, status=0
2026-05-07 11:16:43,273 [INFO] Flushed 1 events (last_id=2869)
2026-05-07 11:17:17,281 [INFO] Flushed 1 events (last_id=2870)
2026-05-07 11:17:33,288 [INFO] Live written: id=1278, status=0
2026-05-07 11:18:15,299 [INFO] Flushed 1 events (last_id=2871)
2026-05-07 11:18:25,303 [INFO] Flushed 1 events (last_id=2872)
2026-05-07 11:18:31,307 [INFO] Flushed 1 events (last_id=2873)
2026-05-07 11:18:33,311 [INFO] Live written: id=1279, status=0
2026-05-07 11:19:00,318 [INFO] Flushed 1 events (last_id=2874)
2026-05-07 11:19:13,324 [INFO] Flushed 1 events (last_id=2875)
2026-05-07 11:19:25,329 [INFO] Flushed 1 events (last_id=2876)
2026-05-07 11:19:33,333 [INFO] Live written: id=1280, status=0
2026-05-07 11:20:05,342 [INFO] Flushed 1 events (last_id=2877)
2026-05-07 11:20:07,350 [INFO] Flushed 1 events (last_id=2878)
2026-05-07 11:20:15,355 [INFO] Flushed 1 events (last_id=2879)
2026-05-07 11:20:19,359 [INFO] Flushed 1 events (last_id=2880)
2026-05-07 11:20:33,364 [INFO] Live written: id=1281, status=0
2026-05-07 11:20:47,369 [INFO] Flushed 1 events (last_id=2881)
2026-05-07 11:21:17,383 [INFO] Flushed 1 events (last_id=2882)
2026-05-07 11:21:33,389 [INFO] Live written: id=1282, status=0
2026-05-07 11:22:22,401 [INFO] Flushed 1 events (last_id=2883)
2026-05-07 11:22:33,405 [INFO] Live written: id=1283, status=0
2026-05-07 11:22:53,411 [INFO] Flushed 1 events (last_id=2884)
2026-05-07 11:23:13,417 [INFO] Flushed 1 events (last_id=2885)
2026-05-07 11:23:29,425 [INFO] Flushed 1 events (last_id=2886)
2026-05-07 11:23:32,430 [INFO] Flushed 1 events (last_id=2887)
2026-05-07 11:23:33,433 [INFO] Live written: id=1284, status=0
2026-05-07 11:25:15,873 [INFO] Service starting
2026-05-07 11:25:15,874 [WARNING] DB reconnecting
2026-05-07 11:25:15,899 [INFO] DB connected
2026-05-07 11:25:15,902 [INFO] Init counters: kap_error=2887, kap_live=1284
2026-05-07 11:28:35,667 [INFO] Service starting
2026-05-07 11:28:35,667 [WARNING] DB reconnecting
2026-05-07 11:28:35,687 [INFO] DB connected
2026-05-07 11:28:35,690 [INFO] Init counters: kap_error=2887, kap_live=1284
2026-05-07 11:28:35,694 [ERROR] Live insert error: 'NoneType' object has no attribute 'cursor'
2026-05-07 11:28:35,706 [INFO] Service started
2026-05-07 11:28:35,717 [INFO] Connected to MQTT: 0
2026-05-07 11:28:45,693 [ERROR] Batch insert error: 'NoneType' object has no attribute 'cursor'
2026-05-07 11:28:50,694 [ERROR] Batch insert error: 'NoneType' object has no attribute 'cursor'
2026-05-07 11:28:55,703 [ERROR] Batch insert error: 'NoneType' object has no attribute 'cursor'
2026-05-07 11:29:00,705 [ERROR] Batch insert error: 'NoneType' object has no attribute 'cursor'
2026-05-07 11:29:05,707 [ERROR] Batch insert error: 'NoneType' object has no attribute 'cursor'
2026-05-07 11:29:10,709 [ERROR] Batch insert error: 'NoneType' object has no attribute 'cursor'
2026-05-07 11:29:15,710 [ERROR] Batch insert error: 'NoneType' object has no attribute 'cursor'
2026-05-07 11:29:20,711 [ERROR] Batch insert error: 'NoneType' object has no attribute 'cursor'
2026-05-07 11:29:25,713 [ERROR] Batch insert error: 'NoneType' object has no attribute 'cursor'
2026-05-07 11:29:30,714 [ERROR] Batch insert error: 'NoneType' object has no attribute 'cursor'
2026-05-07 11:29:35,696 [ERROR] Live insert error: 'NoneType' object has no attribute 'cursor'
2026-05-07 11:29:35,716 [ERROR] Batch insert error: 'NoneType' object has no attribute 'cursor'
2026-05-07 11:29:40,717 [ERROR] Batch insert error: 'NoneType' object has no attribute 'cursor'
2026-05-07 11:29:45,719 [ERROR] Batch insert error: 'NoneType' object has no attribute 'cursor'
2026-05-07 11:29:50,721 [ERROR] Batch insert error: 'NoneType' object has no attribute 'cursor'
2026-05-07 11:29:55,724 [ERROR] Batch insert error: 'NoneType' object has no attribute 'cursor'
2026-05-07 11:30:00,727 [ERROR] Batch insert error: 'NoneType' object has no attribute 'cursor'
2026-05-07 11:30:05,728 [ERROR] Batch insert error: 'NoneType' object has no attribute 'cursor'
2026-05-07 11:30:25,259 [INFO] Service starting
2026-05-07 11:30:25,259 [WARNING] DB reconnecting
2026-05-07 11:30:25,284 [INFO] DB connected
2026-05-07 11:30:25,287 [INFO] Init counters: kap_error=2887, kap_live=1284
2026-05-07 11:30:25,290 [INFO] Live written: id=1285, status=1
2026-05-07 11:30:25,297 [INFO] Service started
2026-05-07 11:30:25,305 [INFO] Connected to MQTT: 0
2026-05-07 11:31:28,785 [INFO] Service starting
2026-05-07 11:31:28,785 [WARNING] DB reconnecting
2026-05-07 11:31:28,807 [INFO] DB connected
2026-05-07 11:31:28,811 [INFO] Init counters: kap_error=2887, kap_live=1285
2026-05-07 11:31:28,817 [INFO] Live written: id=1286, status=1
2026-05-07 11:31:28,824 [INFO] Service started
2026-05-07 11:31:28,831 [INFO] Connected to MQTT: 0
2026-05-07 11:31:43,816 [INFO] Flushed 1 events (last_id=2888)
2026-05-07 11:32:08,820 [INFO] Flushed 1 events (last_id=2889)
2026-05-07 11:32:23,825 [INFO] Flushed 1 events (last_id=2890)
2026-05-07 11:32:28,820 [INFO] Live written: id=1287, status=0
2026-05-07 11:32:38,829 [INFO] Flushed 1 events (last_id=2891)
2026-05-07 11:33:18,837 [INFO] Flushed 1 events (last_id=2892)
2026-05-07 11:33:23,840 [INFO] Flushed 1 events (last_id=2893)
2026-05-07 11:33:28,823 [INFO] Live written: id=1288, status=0
2026-05-07 11:33:33,844 [INFO] Flushed 1 events (last_id=2894)
2026-05-07 11:34:18,850 [INFO] Flushed 1 events (last_id=2895)
2026-05-07 11:34:28,827 [INFO] Live written: id=1289, status=0
2026-05-07 11:34:28,853 [INFO] Flushed 1 events (last_id=2896)
2026-05-07 11:34:33,858 [INFO] Flushed 1 events (last_id=2897)
2026-05-07 11:34:58,862 [INFO] Flushed 2 events (last_id=2899)
2026-05-07 11:35:23,865 [INFO] Flushed 1 events (last_id=2900)
2026-05-07 11:35:28,840 [INFO] Live written: id=1290, status=0
